Lab03onlab                                                                                                              PAGE 1
                         1     ORG 0000h
                         2
0000 020100              3             LJMP MAIN
                         4
                         5     ORG 0003h
                         6
0003 02025C              7             LJMP E0INT
                         8
                         9     ORG 000Bh
                        10
000B 020247             11             LJMP T0INT
                        12
                        13     ORG 0100h
                        14     MAIN:
  0030                  15             BASETIMER EQU 30H        ; The Second Counter
  0091                  16             OUTPUT BIT P1.1          ; The Output Pin
0100 D288               17             SETB IT0                 ; The Interrupt Mode Falling Edge
0102 758911             18             MOV TMOD, #00010001b     ; The timer configurations: T1 8-bit, T0 16-bit
0105 75A883             19             MOV IE, #10000011b       ; The interrupt is targetted to Timer 0 Interrupt
0108 759000             20             MOV P1,#00H
                        21
                        22             TIMER:                   ; The timer configurations: 50ms/3CB0H
010B C28D               23                     CLR TF0
010D 758C3C             24                     MOV TH0,#03CH
0110 758AB0             25                     MOV TL0,#0B0H
0113 D28C               26                     SETB TR0
                        27
0115 3127               28     LOOP:   ACALL C5
0117 314B               29             ACALL D5
0119 316F               30             ACALL E5
011B 3193               31             ACALL F5
011D 31B7               32             ACALL G5
011F 31DB               33             ACALL A5
0121 31FF               34             ACALL B5
0123 5123               35             ACALL C6
0125 80EE               36             SJMP LOOP
                        37     ;----------------------------------------------------------------------;
                        38     C5:
0127 6003               39             JZ C5CONT
0129 E4                 40             CLR A
012A 801E               41             SJMP C5EXIT
012C C28F               42     C5CONT: CLR TF1
012E D291               43             SETB OUTPUT
0130 758DFC             44             MOV TH1,#0FCH
0133 758B40             45             MOV TL1,#040H
0136 D28E               46             SETB TR1
0138 308FFD             47             JNB TF1,$
013B C291               48             CLR OUTPUT
013D C28F               49             CLR TF1
013F 758DFC             50             MOV TH1,#0FCH
0142 758B40             51             MOV TL1,#040H
0145 308FFD             52             JNB TF1,$
0148 80DD               53             SJMP C5
014A 22                 54     C5EXIT: RET
                        55     ;----------------------------------------------------------------------;
014B 6003               56     D5:     JZ D5CONT
014D E4                 57             CLR A
014E 801E               58             SJMP D5EXIT
0150 C28F               59     D5CONT: CLR TF1
0152 D291               60             SETB OUTPUT
0154 758DFC             61             MOV TH1,#0FCH
0157 758BAD             62             MOV TL1,#0ADH
015A D28E               63             SETB TR1
015C 308FFD             64             JNB TF1,$
015F C291               65             CLR OUTPUT
0161 C28F               66             CLR TF1
0163 758DFC             67             MOV TH1,#0FCH
0166 758BAD             68             MOV TL1,#0ADH
0169 308FFD             69             JNB TF1,$
016C 80DD               70             SJMP D5
016E 22                 71     D5EXIT: RET
                        72     ;----------------------------------------------------------------------;
                        73     E5:
016F 6003               74             JZ E5CONT
0171 E4                 75             CLR A
0172 801E               76             SJMP E5EXIT
0174 C28F               77     E5CONT: CLR TF1
0176 D291               78             SETB OUTPUT
0178 758DFD             79             MOV TH1,#0FDH
017B 758B09             80             MOV TL1,#009H
017E D28E               81             SETB TR1
0180 308FFD             82             JNB TF1,$
0183 C291               83             CLR OUTPUT
0185 C28F               84             CLR TF1
0187 758DFD             85             MOV TH1,#0FDH
018A 758B09             86             MOV TL1,#009H
018D 308FFD             87             JNB TF1,$
0190 80DD               88             SJMP E5
0192 22                 89     E5EXIT: RET
                        90     ;----------------------------------------------------------------------;
0193 6003               91     F5:     JZ F5CONT
0195 E4                 92             CLR A
0196 801E               93             SJMP F5EXIT
0198 C28F               94     F5CONT: CLR TF1
019A D291               95             SETB OUTPUT
019C 758DFD             96             MOV TH1,#0FDH
019F 758B34             97             MOV TL1,#034H
01A2 D28E               98             SETB TR1
01A4 308FFD             99             JNB TF1,$
01A7 C291              100             CLR OUTPUT
01A9 C28F              101             CLR TF1
01AB 758DFD            102             MOV TH1,#0FDH
01AE 758B34            103             MOV TL1,#034H
01B1 308FFD            104             JNB TF1,$
01B4 80DD              105             SJMP F5
01B6 22                106     F5EXIT: RET
                       107     ;----------------------------------------------------------------------;
01B7 6003              108     G5:     JZ G5CONT
01B9 E4                109             CLR A
01BA 801E              110             SJMP G5EXIT
01BC C28F              111     G5CONT: CLR TF1
01BE D291              112             SETB OUTPUT
01C0 758DFD            113             MOV TH1,#0FDH
01C3 758B82            114             MOV TL1,#082H
01C6 D28E              115             SETB TR1
01C8 308FFD            116             JNB TF1,$
01CB C291              117             CLR OUTPUT
01CD C28F              118             CLR TF1
01CF 758DFD            119             MOV TH1,#0FDH
01D2 758B82            120             MOV TL1,#082H
01D5 308FFD            121             JNB TF1,$
01D8 80DD              122             SJMP G5
01DA 22                123     G5EXIT: RET
                       124     ;----------------------------------------------------------------------;
01DB 6003              125     A5:     JZ A5CONT
01DD E4                126             CLR A
01DE 801E              127             SJMP A5EXIT
01E0 C28F              128     A5CONT: CLR TF1
01E2 D291              129             SETB OUTPUT
01E4 758DFD            130             MOV TH1,#0FDH
01E7 758BC8            131             MOV TL1,#0C8H
01EA D28E              132             SETB TR1
01EC 308FFD            133             JNB TF1,$
01EF C291              134             CLR OUTPUT
01F1 C28F              135             CLR TF1
01F3 758DFD            136             MOV TH1,#0FDH
01F6 758BC8            137             MOV TL1,#0C8H
01F9 308FFD            138             JNB TF1,$
01FC 80DD              139             SJMP A5
01FE 22                140     A5EXIT: RET
                       141     ;----------------------------------------------------------------------;
01FF 6003              142     B5:     JZ B5CONT
0201 E4                143             CLR A
0202 801E              144             SJMP B5EXIT
0204 C28F              145     B5CONT: CLR TF1
0206 D291              146             SETB OUTPUT
0208 758DFE            147             MOV TH1,#0FEH
020B 758B06            148             MOV TL1,#006H
020E D28E              149             SETB TR1
0210 308FFD            150             JNB TF1,$
0213 C291              151             CLR OUTPUT
0215 C28F              152             CLR TF1
0217 758DFE            153             MOV TH1,#0FEH
021A 758B06            154             MOV TL1,#006H
021D 308FFD            155             JNB TF1,$
0220 80DD              156             SJMP B5
0222 22                157     B5EXIT: RET
                       158     ;----------------------------------------------------------------------;
0223 6003              159     C6:     JZ C6CONT
0225 E4                160             CLR A
0226 801E              161             SJMP C6EXIT
0228 C28F              162     C6CONT: CLR TF1
022A D291              163             SETB OUTPUT
022C 758DFE            164             MOV TH1,#0FEH
022F 758B22            165             MOV TL1,#022H
0232 D28E              166             SETB TR1
0234 308FFD            167             JNB TF1,$
0237 C291              168             CLR OUTPUT
0239 C28F              169             CLR TF1
023B 758DFE            170             MOV TH1,#0FEH
023E 758B22            171             MOV TL1,#022H
0241 308FFD            172             JNB TF1,$
0244 80DD              173             SJMP C6
0246 22                174     C6EXIT: RET
                       175     ;----------------------------------------------------------------------;
                       176     T0INT:
0247 C28D              177             CLR TF0
0249 758C3C            178             MOV TH0,#03CH
024C 758AB0            179             MOV TL0,#0B0H
024F 0F                180             INC R7
0250 BF1408            181             CJNE R7, #20D, SECOND
0253 0530              182             INC BASETIMER
0255 7F00              183             MOV R7, #00H
0257 7401              184             MOV A, #01H
0259 D28F              185             SETB TF1
025B 32                186     SECOND: RETI
                       187
                       188     E0INT:
025C C291              189             CLR OUTPUT
025E 3089FD            190             JNB IE0, $
0261 C289              191             CLR IE0
0263 32                192             RETI
                       193     END
ASSEMBLY COMPLETE, NO ERRORS FOUND, NO WARNINGS


SYMBOL TABLE:
??MCU_8051_IDE . . . . . . . . . . .  N  NUMB  8051H  NOT USED
??VERSION. . . . . . . . . . . . . .  N  NUMB  0149H  NOT USED
A5 . . . . . . . . . . . . . . . . .  C  ADDR  01DBH
A5CONT . . . . . . . . . . . . . . .  C  ADDR  01E0H
A5EXIT . . . . . . . . . . . . . . .  C  ADDR  01FEH
AC . . . . . . . . . . . . . . . . .  B  ADDR  00D6H  NOT USED
ACC. . . . . . . . . . . . . . . . .  D  ADDR  00E0H  NOT USED
ACSR . . . . . . . . . . . . . . . .  D  ADDR  0097H  NOT USED
ADCF . . . . . . . . . . . . . . . .  D  ADDR  00F6H  NOT USED
ADCLK. . . . . . . . . . . . . . . .  D  ADDR  00F2H  NOT USED
ADCON. . . . . . . . . . . . . . . .  D  ADDR  00F3H  NOT USED
ADDH . . . . . . . . . . . . . . . .  D  ADDR  00F5H  NOT USED
ADDL . . . . . . . . . . . . . . . .  D  ADDR  00F4H  NOT USED
AUXR . . . . . . . . . . . . . . . .  D  ADDR  008EH  NOT USED
AUXR1. . . . . . . . . . . . . . . .  D  ADDR  00A2H  NOT USED
B. . . . . . . . . . . . . . . . . .  D  ADDR  00F0H  NOT USED
B5 . . . . . . . . . . . . . . . . .  C  ADDR  01FFH
B5CONT . . . . . . . . . . . . . . .  C  ADDR  0204H
B5EXIT . . . . . . . . . . . . . . .  C  ADDR  0222H
BASETIMER. . . . . . . . . . . . . .  N  NUMB  0030H
BDRCON . . . . . . . . . . . . . . .  D  ADDR  009BH  NOT USED
BDRCON_1 . . . . . . . . . . . . . .  D  ADDR  009CH  NOT USED
BRL. . . . . . . . . . . . . . . . .  D  ADDR  009AH  NOT USED
C5 . . . . . . . . . . . . . . . . .  C  ADDR  0127H
C5CONT . . . . . . . . . . . . . . .  C  ADDR  012CH
C5EXIT . . . . . . . . . . . . . . .  C  ADDR  014AH
C6 . . . . . . . . . . . . . . . . .  C  ADDR  0223H
C6CONT . . . . . . . . . . . . . . .  C  ADDR  0228H
C6EXIT . . . . . . . . . . . . . . .  C  ADDR  0246H
CCAP0H . . . . . . . . . . . . . . .  D  ADDR  00FAH  NOT USED
CCAP0L . . . . . . . . . . . . . . .  D  ADDR  00EAH  NOT USED
CCAP1H . . . . . . . . . . . . . . .  D  ADDR  00FBH  NOT USED
CCAP1L . . . . . . . . . . . . . . .  D  ADDR  00EBH  NOT USED
CCAP2H . . . . . . . . . . . . . . .  D  ADDR  00FCH  NOT USED
CCAP3H . . . . . . . . . . . . . . .  D  ADDR  00FDH  NOT USED
CCAP4H . . . . . . . . . . . . . . .  D  ADDR  00FEH  NOT USED
CCAPL2H. . . . . . . . . . . . . . .  D  ADDR  00FCH  NOT USED
CCAPL2L. . . . . . . . . . . . . . .  D  ADDR  00ECH  NOT USED
CCAPL3H. . . . . . . . . . . . . . .  D  ADDR  00FDH  NOT USED
CCAPL3L. . . . . . . . . . . . . . .  D  ADDR  00EDH  NOT USED
CCAPL4H. . . . . . . . . . . . . . .  D  ADDR  00FEH  NOT USED
CCAPL4L. . . . . . . . . . . . . . .  D  ADDR  00EEH  NOT USED
CCAPM0 . . . . . . . . . . . . . . .  D  ADDR  00DAH  NOT USED
CCAPM1 . . . . . . . . . . . . . . .  D  ADDR  00DBH  NOT USED
CCAPM2 . . . . . . . . . . . . . . .  D  ADDR  00DCH  NOT USED
CCAPM3 . . . . . . . . . . . . . . .  D  ADDR  00DDH  NOT USED
CCAPM4 . . . . . . . . . . . . . . .  D  ADDR  00DEH  NOT USED
CCF0 . . . . . . . . . . . . . . . .  B  ADDR  00D8H  NOT USED
CCF1 . . . . . . . . . . . . . . . .  B  ADDR  00D9H  NOT USED
CCF2 . . . . . . . . . . . . . . . .  B  ADDR  00DAH  NOT USED
CCF3 . . . . . . . . . . . . . . . .  B  ADDR  00DBH  NOT USED
CCF4 . . . . . . . . . . . . . . . .  B  ADDR  00DCH  NOT USED
CCON . . . . . . . . . . . . . . . .  D  ADDR  00D8H  NOT USED
CFINT. . . . . . . . . . . . . . . .  C  ADDR  0033H  NOT USED
CH . . . . . . . . . . . . . . . . .  D  ADDR  00F9H  NOT USED
CKCON. . . . . . . . . . . . . . . .  D  ADDR  008FH  NOT USED
CKCON0 . . . . . . . . . . . . . . .  D  ADDR  008FH  NOT USED
CKRL . . . . . . . . . . . . . . . .  D  ADDR  0097H  NOT USED
CKSEL. . . . . . . . . . . . . . . .  D  ADDR  0085H  NOT USED
CL . . . . . . . . . . . . . . . . .  D  ADDR  00E9H  NOT USED
CLKREG . . . . . . . . . . . . . . .  D  ADDR  008FH  NOT USED
CMOD . . . . . . . . . . . . . . . .  D  ADDR  00D9H  NOT USED
CPRL2. . . . . . . . . . . . . . . .  B  ADDR  00C8H  NOT USED
CR . . . . . . . . . . . . . . . . .  B  ADDR  00DEH  NOT USED
CT2. . . . . . . . . . . . . . . . .  B  ADDR  00C9H  NOT USED
CY . . . . . . . . . . . . . . . . .  B  ADDR  00D7H  NOT USED
D5 . . . . . . . . . . . . . . . . .  C  ADDR  014BH
D5CONT . . . . . . . . . . . . . . .  C  ADDR  0150H
D5EXIT . . . . . . . . . . . . . . .  C  ADDR  016EH
DP0H . . . . . . . . . . . . . . . .  D  ADDR  0083H  NOT USED
DP0L . . . . . . . . . . . . . . . .  D  ADDR  0082H  NOT USED
DP1H . . . . . . . . . . . . . . . .  D  ADDR  0085H  NOT USED
DP1L . . . . . . . . . . . . . . . .  D  ADDR  0084H  NOT USED
DPH. . . . . . . . . . . . . . . . .  D  ADDR  0083H  NOT USED
DPL. . . . . . . . . . . . . . . . .  D  ADDR  0082H  NOT USED
E0INT. . . . . . . . . . . . . . . .  C  ADDR  025CH
E5 . . . . . . . . . . . . . . . . .  C  ADDR  016FH
E5CONT . . . . . . . . . . . . . . .  C  ADDR  0174H
E5EXIT . . . . . . . . . . . . . . .  C  ADDR  0192H
EA . . . . . . . . . . . . . . . . .  B  ADDR  00AFH  NOT USED
EC . . . . . . . . . . . . . . . . .  B  ADDR  00AEH  NOT USED
EECON. . . . . . . . . . . . . . . .  D  ADDR  0096H  NOT USED
ES . . . . . . . . . . . . . . . . .  B  ADDR  00ACH  NOT USED
ET0. . . . . . . . . . . . . . . . .  B  ADDR  00A9H  NOT USED
ET1. . . . . . . . . . . . . . . . .  B  ADDR  00ABH  NOT USED
ET2. . . . . . . . . . . . . . . . .  B  ADDR  00ADH  NOT USED
EX0. . . . . . . . . . . . . . . . .  B  ADDR  00A8H  NOT USED
EX1. . . . . . . . . . . . . . . . .  B  ADDR  00AAH  NOT USED
EXEN2. . . . . . . . . . . . . . . .  B  ADDR  00CBH  NOT USED
EXF2 . . . . . . . . . . . . . . . .  B  ADDR  00CEH  NOT USED
EXTI0. . . . . . . . . . . . . . . .  C  ADDR  0003H  NOT USED
EXTI1. . . . . . . . . . . . . . . .  C  ADDR  0013H  NOT USED
F0 . . . . . . . . . . . . . . . . .  B  ADDR  00D5H  NOT USED
F5 . . . . . . . . . . . . . . . . .  C  ADDR  0193H
F5CONT . . . . . . . . . . . . . . .  C  ADDR  0198H
F5EXIT . . . . . . . . . . . . . . .  C  ADDR  01B6H
FE . . . . . . . . . . . . . . . . .  B  ADDR  009FH  NOT USED
G5 . . . . . . . . . . . . . . . . .  C  ADDR  01B7H
G5CONT . . . . . . . . . . . . . . .  C  ADDR  01BCH
G5EXIT . . . . . . . . . . . . . . .  C  ADDR  01DAH
IE . . . . . . . . . . . . . . . . .  D  ADDR  00A8H
IE0. . . . . . . . . . . . . . . . .  B  ADDR  0089H
IE1. . . . . . . . . . . . . . . . .  B  ADDR  008BH  NOT USED
INT0 . . . . . . . . . . . . . . . .  B  ADDR  00B2H  NOT USED
INT1 . . . . . . . . . . . . . . . .  B  ADDR  00B3H  NOT USED
IP . . . . . . . . . . . . . . . . .  D  ADDR  00B8H  NOT USED
IPH. . . . . . . . . . . . . . . . .  D  ADDR  00B7H  NOT USED
IPH0 . . . . . . . . . . . . . . . .  D  ADDR  00B7H  NOT USED
IPH1 . . . . . . . . . . . . . . . .  D  ADDR  00B3H  NOT USED
IPL0 . . . . . . . . . . . . . . . .  D  ADDR  00B8H  NOT USED
IPL1 . . . . . . . . . . . . . . . .  D  ADDR  00B2H  NOT USED
IT0. . . . . . . . . . . . . . . . .  B  ADDR  0088H
IT1. . . . . . . . . . . . . . . . .  B  ADDR  008AH  NOT USED
KBE. . . . . . . . . . . . . . . . .  D  ADDR  009DH  NOT USED
KBF. . . . . . . . . . . . . . . . .  D  ADDR  009EH  NOT USED
KBLS . . . . . . . . . . . . . . . .  D  ADDR  009CH  NOT USED
LOOP . . . . . . . . . . . . . . . .  C  ADDR  0115H
MAIN . . . . . . . . . . . . . . . .  C  ADDR  0100H
OSCCON . . . . . . . . . . . . . . .  D  ADDR  0086H  NOT USED
OUTPUT . . . . . . . . . . . . . . .  B  ADDR  0091H
OV . . . . . . . . . . . . . . . . .  B  ADDR  00D2H  NOT USED
P. . . . . . . . . . . . . . . . . .  B  ADDR  00D0H  NOT USED
P0 . . . . . . . . . . . . . . . . .  D  ADDR  0080H  NOT USED
P1 . . . . . . . . . . . . . . . . .  D  ADDR  0090H
P1M1 . . . . . . . . . . . . . . . .  D  ADDR  00D4H  NOT USED
P1M2 . . . . . . . . . . . . . . . .  D  ADDR  00E2H  NOT USED
P2 . . . . . . . . . . . . . . . . .  D  ADDR  00A0H  NOT USED
P3 . . . . . . . . . . . . . . . . .  D  ADDR  00B0H  NOT USED
P3M1 . . . . . . . . . . . . . . . .  D  ADDR  00D5H  NOT USED
P3M2 . . . . . . . . . . . . . . . .  D  ADDR  00E3H  NOT USED
P4 . . . . . . . . . . . . . . . . .  D  ADDR  00C0H  NOT USED
P4M1 . . . . . . . . . . . . . . . .  D  ADDR  00D6H  NOT USED
P4M2 . . . . . . . . . . . . . . . .  D  ADDR  00E4H  NOT USED
P5 . . . . . . . . . . . . . . . . .  D  ADDR  00E8H  NOT USED
PC . . . . . . . . . . . . . . . . .  B  ADDR  00BEH  NOT USED
PCON . . . . . . . . . . . . . . . .  D  ADDR  0087H  NOT USED
PPCL . . . . . . . . . . . . . . . .  B  ADDR  00BEH  NOT USED
PS . . . . . . . . . . . . . . . . .  B  ADDR  00BCH  NOT USED
PSL. . . . . . . . . . . . . . . . .  B  ADDR  00BCH  NOT USED
PSW. . . . . . . . . . . . . . . . .  D  ADDR  00D0H  NOT USED
PT0. . . . . . . . . . . . . . . . .  B  ADDR  00B9H  NOT USED
PT0L . . . . . . . . . . . . . . . .  B  ADDR  00B9H  NOT USED
PT1. . . . . . . . . . . . . . . . .  B  ADDR  00BBH  NOT USED
PT1L . . . . . . . . . . . . . . . .  B  ADDR  00BBH  NOT USED
PT2. . . . . . . . . . . . . . . . .  B  ADDR  00BDH  NOT USED
PT2L . . . . . . . . . . . . . . . .  B  ADDR  00BDH  NOT USED
PX0. . . . . . . . . . . . . . . . .  B  ADDR  00B8H  NOT USED
PX0L . . . . . . . . . . . . . . . .  B  ADDR  00B8H  NOT USED
PX1. . . . . . . . . . . . . . . . .  B  ADDR  00BAH  NOT USED
PX1L . . . . . . . . . . . . . . . .  B  ADDR  00BAH  NOT USED
RB8. . . . . . . . . . . . . . . . .  B  ADDR  009AH  NOT USED
RCAP2H . . . . . . . . . . . . . . .  D  ADDR  00CBH  NOT USED
RCAP2L . . . . . . . . . . . . . . .  D  ADDR  00CAH  NOT USED
RCLK . . . . . . . . . . . . . . . .  B  ADDR  00CDH  NOT USED
RD . . . . . . . . . . . . . . . . .  B  ADDR  00B7H  NOT USED
REN. . . . . . . . . . . . . . . . .  B  ADDR  009CH  NOT USED
RESET. . . . . . . . . . . . . . . .  C  ADDR  0000H  NOT USED
RI . . . . . . . . . . . . . . . . .  B  ADDR  0098H  NOT USED
RS0. . . . . . . . . . . . . . . . .  B  ADDR  00D3H  NOT USED
RS1. . . . . . . . . . . . . . . . .  B  ADDR  00D4H  NOT USED
RXD. . . . . . . . . . . . . . . . .  B  ADDR  00B0H  NOT USED
SADDR. . . . . . . . . . . . . . . .  D  ADDR  00A9H  NOT USED
SADDR_0. . . . . . . . . . . . . . .  D  ADDR  00A9H  NOT USED
SADDR_1. . . . . . . . . . . . . . .  D  ADDR  00AAH  NOT USED
SADEN. . . . . . . . . . . . . . . .  D  ADDR  00B9H  NOT USED
SADEN_0. . . . . . . . . . . . . . .  D  ADDR  00B9H  NOT USED
SADEN_1. . . . . . . . . . . . . . .  D  ADDR  00BAH  NOT USED
SBUF . . . . . . . . . . . . . . . .  D  ADDR  0099H  NOT USED
SCON . . . . . . . . . . . . . . . .  D  ADDR  0098H  NOT USED
SECOND . . . . . . . . . . . . . . .  C  ADDR  025BH
SINT . . . . . . . . . . . . . . . .  C  ADDR  0023H  NOT USED
SM0. . . . . . . . . . . . . . . . .  B  ADDR  009FH  NOT USED
SM1. . . . . . . . . . . . . . . . .  B  ADDR  009EH  NOT USED
SM2. . . . . . . . . . . . . . . . .  B  ADDR  009DH  NOT USED
SP . . . . . . . . . . . . . . . . .  D  ADDR  0081H  NOT USED
SPCON. . . . . . . . . . . . . . . .  D  ADDR  00C3H  NOT USED
SPCR . . . . . . . . . . . . . . . .  D  ADDR  00D5H  NOT USED
SPDAT. . . . . . . . . . . . . . . .  D  ADDR  00C5H  NOT USED
SPDR . . . . . . . . . . . . . . . .  D  ADDR  0086H  NOT USED
SPSR . . . . . . . . . . . . . . . .  D  ADDR  00AAH  NOT USED
SPSTA. . . . . . . . . . . . . . . .  D  ADDR  00C4H  NOT USED
T0 . . . . . . . . . . . . . . . . .  B  ADDR  00B4H  NOT USED
T0INT. . . . . . . . . . . . . . . .  C  ADDR  0247H
T1 . . . . . . . . . . . . . . . . .  B  ADDR  00B5H  NOT USED
T2CON. . . . . . . . . . . . . . . .  D  ADDR  00C8H  NOT USED
T2MOD. . . . . . . . . . . . . . . .  D  ADDR  00C9H  NOT USED
TB8. . . . . . . . . . . . . . . . .  B  ADDR  009BH  NOT USED
TCLK . . . . . . . . . . . . . . . .  B  ADDR  00CCH  NOT USED
TCON . . . . . . . . . . . . . . . .  D  ADDR  0088H  NOT USED
TF0. . . . . . . . . . . . . . . . .  B  ADDR  008DH
TF1. . . . . . . . . . . . . . . . .  B  ADDR  008FH
TF2. . . . . . . . . . . . . . . . .  B  ADDR  00CFH  NOT USED
TH0. . . . . . . . . . . . . . . . .  D  ADDR  008CH
TH1. . . . . . . . . . . . . . . . .  D  ADDR  008DH
TH2. . . . . . . . . . . . . . . . .  D  ADDR  00CDH  NOT USED
TI . . . . . . . . . . . . . . . . .  B  ADDR  0099H  NOT USED
TIMER. . . . . . . . . . . . . . . .  C  ADDR  010BH  NOT USED
TIMER0 . . . . . . . . . . . . . . .  C  ADDR  000BH  NOT USED
TIMER1 . . . . . . . . . . . . . . .  C  ADDR  001BH  NOT USED
TIMER2 . . . . . . . . . . . . . . .  C  ADDR  002BH  NOT USED
TL0. . . . . . . . . . . . . . . . .  D  ADDR  008AH
TL1. . . . . . . . . . . . . . . . .  D  ADDR  008BH
TL2. . . . . . . . . . . . . . . . .  D  ADDR  00CCH  NOT USED
TMOD . . . . . . . . . . . . . . . .  D  ADDR  0089H
TR0. . . . . . . . . . . . . . . . .  B  ADDR  008CH
TR1. . . . . . . . . . . . . . . . .  B  ADDR  008EH
TR2. . . . . . . . . . . . . . . . .  B  ADDR  00CAH  NOT USED
TXD. . . . . . . . . . . . . . . . .  B  ADDR  00B1H  NOT USED
WDTCON . . . . . . . . . . . . . . .  D  ADDR  00A7H  NOT USED
WDTPRG . . . . . . . . . . . . . . .  D  ADDR  00A7H  NOT USED
WDTRST . . . . . . . . . . . . . . .  D  ADDR  00A6H  NOT USED
WR . . . . . . . . . . . . . . . . .  B  ADDR  00B6H  NOT USED